d:\projects\dx11engine\engine\engine\x64\debug\vc142.pdb
d:\projects\dx11engine\engine\engine\x64\debug\vc142.idb
d:\projects\dx11engine\engine\engine\x64\debug\textureshaderclass.obj
d:\projects\dx11engine\engine\engine\x64\debug\textureclass.obj
d:\projects\dx11engine\engine\engine\x64\debug\systemclass.obj
d:\projects\dx11engine\engine\engine\x64\debug\primitiveclass.obj
d:\projects\dx11engine\engine\engine\x64\debug\modelclass.obj
d:\projects\dx11engine\engine\engine\x64\debug\main.obj
d:\projects\dx11engine\engine\engine\x64\debug\lightshaderclass.obj
d:\projects\dx11engine\engine\engine\x64\debug\lightclass.obj
d:\projects\dx11engine\engine\engine\x64\debug\inputclass.obj
d:\projects\dx11engine\engine\engine\x64\debug\d3dclass.obj
d:\projects\dx11engine\engine\engine\x64\debug\colorshaderclass.obj
d:\projects\dx11engine\engine\engine\x64\debug\cameraclass.obj
d:\projects\dx11engine\engine\engine\x64\debug\scene.obj
d:\projects\dx11engine\engine\engine\x64\debug\gameobject.obj
d:\projects\dx11engine\engine\engine\x64\debug\graphicsclass.obj
d:\projects\dx11engine\engine\engine\x64\debug\katamari.obj
d:\projects\dx11engine\engine\engine\x64\debug\katavictim.obj
d:\projects\dx11engine\engine\x64\debug\xapobaseredist.pdb
d:\projects\dx11engine\engine\x64\debug\xaudio2_9redist.pdb
d:\projects\dx11engine\engine\x64\debug\xaudio2_9redist.dll
d:\projects\dx11engine\engine\x64\debug\engine.exe
d:\projects\dx11engine\engine\x64\debug\engine.ilk
d:\projects\dx11engine\engine\x64\debug\engine.pdb
d:\projects\dx11engine\engine\engine\x64\debug\engine.tlog\cl.command.1.tlog
d:\projects\dx11engine\engine\engine\x64\debug\engine.tlog\cl.read.1.tlog
d:\projects\dx11engine\engine\engine\x64\debug\engine.tlog\cl.write.1.tlog
d:\projects\dx11engine\engine\engine\x64\debug\engine.tlog\engine.write.1u.tlog
d:\projects\dx11engine\engine\engine\x64\debug\engine.tlog\link.command.1.tlog
d:\projects\dx11engine\engine\engine\x64\debug\engine.tlog\link.read.1.tlog
d:\projects\dx11engine\engine\engine\x64\debug\engine.tlog\link.write.1.tlog
